2016-03-17 22:59:19 - MOD: Modification Default
FILE: system/engine/action.php
REGEX: ~(require|include)(_once)?\(([^)]+)~
LINE: 39
FILE: system/engine/loader.php
REGEX: ~(require|include)(_once)?\(([^)]+)~
LINE: 20
LINE: 59
LINE: 80
LINE: 99
FILE: system/library/config.php
REGEX: ~(require|include)(_once)?\(([^)]+)~
LINE: 23
FILE: system/library/language.php
REGEX: ~(require|include)(_once)?\(([^)]+)~
LINE: 25
LINE: 31
----------------------------------------------------------------
2016-03-17 23:00:33 - MOD: Modification Default
FILE: system/engine/action.php
REGEX: ~(require|include)(_once)?\(([^)]+)~
LINE: 39
FILE: system/engine/loader.php
REGEX: ~(require|include)(_once)?\(([^)]+)~
LINE: 20
LINE: 59
LINE: 80
LINE: 99
FILE: system/library/config.php
REGEX: ~(require|include)(_once)?\(([^)]+)~
LINE: 23
FILE: system/library/language.php
REGEX: ~(require|include)(_once)?\(([^)]+)~
LINE: 25
LINE: 31
----------------------------------------------------------------
MOD: CSV Price Pro import/export 4 - Admin Menu
FILE: admin/controller/common/menu.php
CODE: $this->load->language('common/menu');
LINE: 46
FILE: admin/view/template/common/menu.tpl
CODE: <li><a href="<?php echo $feed; ?>"><?php echo $text_feed; ?></a></li>
LINE: 42
----------------------------------------------------------------
2016-03-17 23:08:58 - MOD: Modification Default
FILE: system/engine/action.php
REGEX: ~(require|include)(_once)?\(([^)]+)~
LINE: 39
FILE: system/engine/loader.php
REGEX: ~(require|include)(_once)?\(([^)]+)~
LINE: 20
LINE: 59
LINE: 80
LINE: 99
FILE: system/library/config.php
REGEX: ~(require|include)(_once)?\(([^)]+)~
LINE: 23
FILE: system/library/language.php
REGEX: ~(require|include)(_once)?\(([^)]+)~
LINE: 25
LINE: 31
----------------------------------------------------------------
MOD: Blog For Opencart 2.x+
FILE: admin/controller/common/menu.php
CODE: return $this->load->view('common/menu.tpl', $data);
LINE: 220
FILE: admin/view/template/common/menu.tpl
CODE: <li id="system"><a class="parent"><i class="fa fa-cog fa-fw"></i> <span><?php echo $text_system; ?></span></a>
LINE: 127
FILE: admin/language/english/common/menu.php
CODE: $_['text_user']                        = 'Users';
LINE: 80
FILE: catalog/view/theme/default/template/common/footer.tpl
CODE: <?php foreach ($informations as $information) { ?>
LINE: 10
FILE: catalog/controller/common/footer.php
CODE: $data['informations'] = array();
LINE: 30
----------------------------------------------------------------
MOD: Category Thumbnail by Plaza Themes
CODE: $data['category'] = $this->url->link('catalog/category', 'token=' . $this->session->data['token'], 'SSL');
LINE: 124
CODE: $data['text_category'] = $this->language->get('text_category');
LINE: 17
CODE: 'Categories';
LINE: 14
CODE: <li><a href="<?php echo $category; ?>"><?php echo $text_category; ?></a></li>
LINE: 4
----------------------------------------------------------------
MOD: Layered Navigation Ajax by Plaza Themes
FILE: catalog/controller/product/category.php
CODE: if (file_exists(DIR_TEMPLATE . $this->config->get('config_template') . '/template/product/category.tpl')) {
LINE: 400
CODE: $this->response->setOutput($this->load->view('default/template/product/category.tpl', $data));
LINE: 406
CODE: $pagination->url = $this->url->link('product/category', 'path=' . $this->request->get['path'] . $url . '&page={page}');
LINE: 365
FILE: catalog/model/catalog/product.php
CODE: if (!empty($data['filter_manufacturer_id'])) {
LINE: 152
LINE: 505
----------------------------------------------------------------
MOD: Layouttheme
FILE: admin/controller/design/layout.php
CODE: $data['text_content_top'] = $this->language->get('text_content_top');
LINE: 277
FILE: admin/view/template/design/layout_form.tpl
CODE: <td class="text-left"><select name="layout_module[<?php echo $module_row; ?>][position]" class="form-control">
LINE: 166
CODE: html += '  <td class="text-left"><select name="layout_module[' + module_row + '][position]" class="form-control">';
LINE: 254
CODE: $this->load->language('common/footer');
LINE: 12
CODE: $data['text_newsletter'] = $this->language->get('text_newsletter');
LINE: 63
CODE: $this->load->model('catalog/information');
LINE: 71
FILE: catalog/controller/common/header.php
CODE: $data['text_all'] = $this->language->get('text_all');
LINE: 86
FILE: catalog/controller/common/home.php
CODE: $data['content_bottom'] = $this->load->controller('common/content_bottom');
LINE: 26
----------------------------------------------------------------
2016-03-17 23:10:26 - MOD: Modification Default
FILE: system/engine/action.php
REGEX: ~(require|include)(_once)?\(([^)]+)~
LINE: 39
FILE: system/engine/loader.php
REGEX: ~(require|include)(_once)?\(([^)]+)~
LINE: 20
LINE: 59
LINE: 80
LINE: 99
FILE: system/library/config.php
REGEX: ~(require|include)(_once)?\(([^)]+)~
LINE: 23
FILE: system/library/language.php
REGEX: ~(require|include)(_once)?\(([^)]+)~
LINE: 25
LINE: 31
----------------------------------------------------------------
MOD: Blog For Opencart 2.x+
FILE: admin/controller/common/menu.php
CODE: return $this->load->view('common/menu.tpl', $data);
LINE: 220
FILE: admin/view/template/common/menu.tpl
CODE: <li id="system"><a class="parent"><i class="fa fa-cog fa-fw"></i> <span><?php echo $text_system; ?></span></a>
LINE: 127
FILE: admin/language/english/common/menu.php
CODE: $_['text_user']                        = 'Users';
LINE: 80
FILE: catalog/view/theme/default/template/common/footer.tpl
CODE: <?php foreach ($informations as $information) { ?>
LINE: 10
FILE: catalog/controller/common/footer.php
CODE: $data['informations'] = array();
LINE: 30
----------------------------------------------------------------
MOD: Category Thumbnail by Plaza Themes
CODE: $data['category'] = $this->url->link('catalog/category', 'token=' . $this->session->data['token'], 'SSL');
LINE: 124
CODE: $data['text_category'] = $this->language->get('text_category');
LINE: 17
CODE: 'Categories';
LINE: 14
CODE: <li><a href="<?php echo $category; ?>"><?php echo $text_category; ?></a></li>
LINE: 4
----------------------------------------------------------------
MOD: CSV Price Pro import/export 4 - Admin Menu
CODE: $this->load->language('common/menu');
LINE: 46
CODE: <li><a href="<?php echo $feed; ?>"><?php echo $text_feed; ?></a></li>
LINE: 49
----------------------------------------------------------------
MOD: Layered Navigation Ajax by Plaza Themes
FILE: catalog/controller/product/category.php
CODE: if (file_exists(DIR_TEMPLATE . $this->config->get('config_template') . '/template/product/category.tpl')) {
LINE: 400
CODE: $this->response->setOutput($this->load->view('default/template/product/category.tpl', $data));
LINE: 406
CODE: $pagination->url = $this->url->link('product/category', 'path=' . $this->request->get['path'] . $url . '&page={page}');
LINE: 365
FILE: catalog/model/catalog/product.php
CODE: if (!empty($data['filter_manufacturer_id'])) {
LINE: 152
LINE: 505
----------------------------------------------------------------
MOD: Layouttheme
FILE: admin/controller/design/layout.php
CODE: $data['text_content_top'] = $this->language->get('text_content_top');
LINE: 277
FILE: admin/view/template/design/layout_form.tpl
CODE: <td class="text-left"><select name="layout_module[<?php echo $module_row; ?>][position]" class="form-control">
LINE: 166
CODE: html += '  <td class="text-left"><select name="layout_module[' + module_row + '][position]" class="form-control">';
LINE: 254
CODE: $this->load->language('common/footer');
LINE: 12
CODE: $data['text_newsletter'] = $this->language->get('text_newsletter');
LINE: 63
CODE: $this->load->model('catalog/information');
LINE: 71
FILE: catalog/controller/common/header.php
CODE: $data['text_all'] = $this->language->get('text_all');
LINE: 86
FILE: catalog/controller/common/home.php
CODE: $data['content_bottom'] = $this->load->controller('common/content_bottom');
LINE: 26
----------------------------------------------------------------
2016-03-21 19:34:02 - MOD: Modification Default
FILE: system/engine/action.php
REGEX: ~(require|include)(_once)?\(([^)]+)~
LINE: 39
FILE: system/engine/loader.php
REGEX: ~(require|include)(_once)?\(([^)]+)~
LINE: 20
LINE: 59
LINE: 80
LINE: 99
FILE: system/library/config.php
REGEX: ~(require|include)(_once)?\(([^)]+)~
LINE: 23
FILE: system/library/language.php
REGEX: ~(require|include)(_once)?\(([^)]+)~
LINE: 25
LINE: 31
----------------------------------------------------------------
MOD: Blog For Opencart 2.x+
FILE: admin/controller/common/menu.php
CODE: return $this->load->view('common/menu.tpl', $data);
LINE: 220
FILE: admin/view/template/common/menu.tpl
CODE: <li id="system"><a class="parent"><i class="fa fa-cog fa-fw"></i> <span><?php echo $text_system; ?></span></a>
LINE: 127
FILE: admin/language/english/common/menu.php
CODE: $_['text_user']                        = 'Users';
LINE: 80
FILE: catalog/view/theme/default/template/common/footer.tpl
CODE: <?php foreach ($informations as $information) { ?>
LINE: 10
FILE: catalog/controller/common/footer.php
CODE: $data['informations'] = array();
LINE: 30
----------------------------------------------------------------
MOD: Category Thumbnail by Plaza Themes
CODE: $data['category'] = $this->url->link('catalog/category', 'token=' . $this->session->data['token'], 'SSL');
LINE: 124
CODE: $data['text_category'] = $this->language->get('text_category');
LINE: 17
CODE: 'Categories';
LINE: 14
CODE: <li><a href="<?php echo $category; ?>"><?php echo $text_category; ?></a></li>
LINE: 4
----------------------------------------------------------------
MOD: CSV Price Pro import/export 4 - Admin Menu
CODE: $this->load->language('common/menu');
LINE: 46
CODE: <li><a href="<?php echo $feed; ?>"><?php echo $text_feed; ?></a></li>
LINE: 49
----------------------------------------------------------------
MOD: Layered Navigation Ajax by Plaza Themes
FILE: catalog/controller/product/category.php
CODE: if (file_exists(DIR_TEMPLATE . $this->config->get('config_template') . '/template/product/category.tpl')) {
LINE: 400
CODE: $this->response->setOutput($this->load->view('default/template/product/category.tpl', $data));
LINE: 406
CODE: $pagination->url = $this->url->link('product/category', 'path=' . $this->request->get['path'] . $url . '&page={page}');
LINE: 365
FILE: catalog/model/catalog/product.php
CODE: if (!empty($data['filter_manufacturer_id'])) {
LINE: 152
LINE: 505
----------------------------------------------------------------
MOD: Layouttheme
FILE: admin/controller/design/layout.php
CODE: $data['text_content_top'] = $this->language->get('text_content_top');
LINE: 277
FILE: admin/view/template/design/layout_form.tpl
CODE: <td class="text-left"><select name="layout_module[<?php echo $module_row; ?>][position]" class="form-control">
LINE: 166
CODE: html += '  <td class="text-left"><select name="layout_module[' + module_row + '][position]" class="form-control">';
LINE: 254
CODE: $this->load->language('common/footer');
LINE: 12
CODE: $data['text_newsletter'] = $this->language->get('text_newsletter');
LINE: 63
CODE: $this->load->model('catalog/information');
LINE: 71
FILE: catalog/controller/common/header.php
CODE: $data['text_all'] = $this->language->get('text_all');
LINE: 86
FILE: catalog/controller/common/home.php
CODE: $data['content_bottom'] = $this->load->controller('common/content_bottom');
LINE: 26
----------------------------------------------------------------
